<?xml version="1.0" encoding="UTF-8"?>
<!-- Generated by org.testng.reporters.JUnitReportReporter -->
<testsuite hostname="3awsi" failures="0" tests="1" name="pagesTest.HomePageTest" time="21.200" errors="0" timestamp="2024-09-25T11:59:01 EDT" skipped="0">
  <testcase classname="pagesTest.HomePageTest" name="click_login_button_test" time="21.200">
    <system-out>
      <![CDATA[Sleeping ... zZz 4000<br>
[[ChromeDriver: chrome on windows (6fc91cb292ec8403658dcc63031962c6)] -> id: cms-login-submit]<-------> has been clicked<br>
Sleeping ... zZz 4000<br>]]>
    </system-out>
  </testcase> <!-- click_login_button_test -->
  <system-out>
    <![CDATA[Sleeping ... zZz 4000<br>
[[ChromeDriver: chrome on windows (6fc91cb292ec8403658dcc63031962c6)] -> id: cms-login-submit]<-------> has been clicked<br>
Sleeping ... zZz 4000<br>]]>
  </system-out>
</testsuite> <!-- pagesTest.HomePageTest -->
